<?xml version="1.0" encoding="UTF-8"?>
<testng-results skipped="0" failed="0" total="1" passed="1">
  <reporter-output>
  </reporter-output>
  <suite name="Default suite" duration-ms="21014" started-at="2016-04-05T15:24:04Z" finished-at="2016-04-05T15:24:25Z">
    <groups>
    </groups>
    <test name="Default test" duration-ms="21014" started-at="2016-04-05T15:24:04Z" finished-at="2016-04-05T15:24:25Z">
      <class name="com.globant.bootcamp.tae.Tema1ej3">
        <test-method status="PASS" signature="beforeMethod(org.testng.ITestContext)[pri:0, instance:com.globant.bootcamp.tae.Tema1ej3@7823a2f9]" name="beforeMethod" is-config="true" duration-ms="7640" started-at="2016-04-05T12:24:04Z" finished-at="2016-04-05T12:24:12Z">
          <params>
            <param index="0">
              <value>
                <![CDATA[org.testng.TestRunner@68c9133c]]>
              </value>
            </param>
          </params>
          <reporter-output>
          </reporter-output>
        </test-method> <!-- beforeMethod -->
        <test-method status="PASS" signature="exercise02()[pri:0, instance:com.globant.bootcamp.tae.Tema1ej3@7823a2f9]" name="exercise02" duration-ms="8188" started-at="2016-04-05T12:24:12Z" description="Exercise03-tema1" finished-at="2016-04-05T12:24:20Z">
          <reporter-output>
          </reporter-output>
        </test-method> <!-- exercise02 -->
        <test-method status="PASS" signature="afterMethod(org.testng.ITestContext)[pri:0, instance:com.globant.bootcamp.tae.Tema1ej3@7823a2f9]" name="afterMethod" is-config="true" duration-ms="5169" started-at="2016-04-05T12:24:20Z" finished-at="2016-04-05T12:24:25Z">
          <params>
            <param index="0">
              <value>
                <![CDATA[org.testng.TestRunner@68c9133c]]>
              </value>
            </param>
          </params>
          <reporter-output>
          </reporter-output>
        </test-method> <!-- afterMethod -->
      </class> <!-- com.globant.bootcamp.tae.Tema1ej3 -->
    </test> <!-- Default test -->
  </suite> <!-- Default suite -->
</testng-results>
